La génération a démarré 24/02/2017 10:01:47.
     1>Projet "C:\Users\Tristan\Documents\LearningMadness\LearningLib\LearningLib\LearningLib.vcxproj" sur le nœud 2 (Build cible(s)).
     1>ClCompile:
         C:\Program Files (x86)\Microsoft Visual Studio 14.0\VC\bin\CL.exe /c /I..\libs /ZI /nologo /W3 /WX- /sdl /Od /Oy- /D WIN32 /D _DEBUG /D _WINDOWS /D _USRDLL /D LEARNINGLIB_EXPORTS /D _WINDLL /D _UNICODE /D UNICODE /Gm /EHsc /RTC1 /MDd /GS /fp:precise /Zc:wchar_t /Zc:forScope /Zc:inline /Fo"Debug\\" /Fd"Debug\vc140.pdb" /Gd /TP /analyze- /errorReport:prompt Learning.cpp
         Learning.cpp
     1>c:\users\tristan\documents\learningmadness\learninglib\learninglib\learning.cpp(61): warning C4101: 'res' : variable locale non référencée
     1>c:\users\tristan\documents\learningmadness\learninglib\learninglib\learning.cpp(87): error C3867: 'Eigen::DenseBase<Derived>::transpose' : syntaxe non-standard ; utilisez '&' pour créer un pointeur vers un membre
                 with
                 [
                     Derived=Eigen::Matrix<double,4,4,0,4,4>
                 ]
     1>c:\users\tristan\documents\learningmadness\learninglib\learninglib\learning.cpp(87): error C2678: '*' binaire : aucun opérateur trouvé qui accepte un opérande de partie gauche de type 'overloaded-function' (ou il n'existe pas de conversion acceptable)
         c:\users\tristan\documents\learningmadness\learninglib\libs\eigen\src\geometry\rotationbase.h(80): note: peut être 'Eigen::Transform<float,3,2,0> Eigen::RotationBase<Derived,3>::operator *(const Eigen::DiagonalMatrix<float,3,3> &,const Derived &)' [trouvé à l'aide d'une recherche dépendante d'un argument]
                 with
                 [
                     Derived=Eigen::Quaternion<float,0>
                 ]
         c:\users\tristan\documents\learningmadness\learninglib\libs\eigen\src\geometry\rotationbase.h(80): note: ou       'Eigen::Transform<double,3,2,0> Eigen::RotationBase<Derived,3>::operator *(const Eigen::DiagonalMatrix<double,3,3> &,const Derived &)' [trouvé à l'aide d'une recherche dépendante d'un argument]
                 with
                 [
                     Derived=Eigen::Quaternion<double,0>
                 ]
         c:\users\tristan\documents\learningmadness\learninglib\libs\eigen\src\core\diagonalmatrix.h(82): note: ou       'const Eigen::DiagonalWrapper<const Eigen::CwiseBinaryOp<Eigen::internal::scalar_product_op<float,float>,const Eigen::CwiseNullaryOp<Eigen::internal::scalar_constant_op<float>,const Eigen::Matrix<float,3,1,0,3,1>>,const Eigen::Matrix<float,3,1,0,3,1>>> Eigen::DiagonalBase<Eigen::DiagonalMatrix<float,3,3>>::operator *(const float &,const Eigen::DiagonalBase<Eigen::DiagonalMatrix<float,3,3>> &)' [trouvé à l'aide d'une recherche dépendante d'un argument]
         c:\users\tristan\documents\learningmadness\learninglib\libs\eigen\src\core\diagonalmatrix.h(82): note: ou       'const Eigen::DiagonalWrapper<const Eigen::CwiseBinaryOp<Eigen::internal::scalar_product_op<double,double>,const Eigen::CwiseNullaryOp<Eigen::internal::scalar_constant_op<double>,const Eigen::Matrix<double,3,1,0,3,1>>,const Eigen::Matrix<double,3,1,0,3,1>>> Eigen::DiagonalBase<Eigen::DiagonalMatrix<double,3,3>>::operator *(const double &,const Eigen::DiagonalBase<Eigen::DiagonalMatrix<double,3,3>> &)' [trouvé à l'aide d'une recherche dépendante d'un argument]
         c:\users\tristan\documents\learningmadness\learninglib\learninglib\learning.cpp(87): note: lors de la tentative de mise en correspondance de la liste des arguments '(overloaded-function, Eigen::Matrix4d)'
     1>c:\users\tristan\documents\learningmadness\learninglib\learninglib\learning.cpp(87): error C2228: la partie gauche de '.inverse' doit avoir un class/struct/union
     1>c:\users\tristan\documents\learningmadness\learninglib\learninglib\learning.cpp(97): warning C4244: 'argument' : conversion de 'time_t' en 'unsigned int', perte possible de données
     1>Génération du projet "C:\Users\Tristan\Documents\LearningMadness\LearningLib\LearningLib\LearningLib.vcxproj" terminée (Build cible(s)) -- ÉCHEC.

ÉCHEC de la build.

Temps écoulé 00:00:07.33
